c:\users\sigma\desktop\pride_month.cc\project\pride_month\x64\release\vc143.pdb
c:\users\sigma\desktop\pride_month.cc\project\pride_month\x64\release\core.obj
c:\users\sigma\desktop\pride_month.cc\project\pride_month\x64\release\bypass.obj
c:\users\sigma\desktop\pride_month.cc\project\pride_month\x64\release\modifiers.obj
c:\users\sigma\desktop\pride_month.cc\project\pride_month\x64\release\cheese.obj
c:\users\sigma\desktop\pride_month.cc\project\pride_month\x64\release\movement.obj
c:\users\sigma\desktop\pride_month.cc\project\pride_month\x64\release\imgui_impl_dx11.obj
c:\users\sigma\desktop\pride_month.cc\project\pride_month\x64\release\setup.obj
c:\users\sigma\desktop\pride_month.cc\project\pride_month\x64\release\kiero.obj
c:\users\sigma\desktop\pride_month.cc\project\pride_month\x64\release\assembler-x64.obj
c:\users\sigma\desktop\pride_month.cc\project\pride_month\x64\release\assembler-ia32.obj
c:\users\sigma\desktop\pride_month.cc\project\pride_month\x64\release\assembler-arm64.obj
c:\users\sigma\desktop\pride_month.cc\project\pride_month\x64\release\assembler-arm.obj
c:\users\sigma\desktop\pride_month.cc\project\pride_month\x64\release\cpu-x86.obj
c:\users\sigma\desktop\pride_month.cc\project\pride_month\x64\release\cpuregister.obj
c:\users\sigma\desktop\pride_month.cc\project\pride_month\x64\release\cpufeature.obj
c:\users\sigma\desktop\pride_month.cc\project\pride_month\x64\release\cpu.obj
c:\users\sigma\desktop\pride_month.cc\project\pride_month\x64\release\liteobject.obj
c:\users\sigma\desktop\pride_month.cc\project\pride_month\x64\release\litemutablebuffer.obj
c:\users\sigma\desktop\pride_month.cc\project\pride_month\x64\release\litemutablearray.obj
c:\users\sigma\desktop\pride_month.cc\project\pride_month\x64\release\litememopt.obj
c:\users\sigma\desktop\pride_month.cc\project\pride_month\x64\release\liteiterator.obj
c:\users\sigma\desktop\pride_month.cc\project\pride_month\x64\release\litecollection.obj
c:\users\sigma\desktop\pride_month.cc\project\pride_month\x64\release\pthread_helper.obj
c:\users\sigma\desktop\pride_month.cc\project\pride_month\x64\release\async_logger.obj
c:\users\sigma\desktop\pride_month.cc\project\pride_month\x64\release\cxxlogging.obj
c:\users\sigma\desktop\pride_month.cc\project\pride_month\x64\release\dobby_symbol_resolver.obj
c:\users\sigma\desktop\pride_month.cc\project\pride_month\x64\release\dynamicbinaryinstrumentexport.obj
c:\users\sigma\desktop\pride_month.cc\project\pride_month\x64\release\dynamic-binary-instrument.obj
c:\users\sigma\desktop\pride_month.cc\project\pride_month\x64\release\routingplugin.obj
c:\users\sigma\desktop\pride_month.cc\project\pride_month\x64\release\neabranchtrampoline.obj
c:\users\sigma\desktop\pride_month.cc\project\pride_month\x64\release\interceptrouting.obj
c:\users\sigma\desktop\pride_month.cc\project\pride_month\x64\release\interceptor.obj
c:\users\sigma\desktop\pride_month.cc\project\pride_month\x64\release\x86instructionrelocation.obj
c:\users\sigma\desktop\pride_month.cc\project\pride_month\x64\release\x86opcododecodetable.obj
c:\users\sigma\desktop\pride_month.cc\project\pride_month\x64\release\x64instructionrelocation.obj
c:\users\sigma\desktop\pride_month.cc\project\pride_month\x64\release\arminstructionrelocation.obj
c:\users\sigma\desktop\pride_month.cc\project\pride_month\x64\release\arm64instructionrelocation.obj
c:\users\sigma\desktop\pride_month.cc\project\pride_month\x64\release\dummy.obj
c:\users\sigma\desktop\pride_month.cc\project\pride_month\x64\release\codegen-x64.obj
c:\users\sigma\desktop\pride_month.cc\project\pride_month\x64\release\codegen-ia32.obj
c:\users\sigma\desktop\pride_month.cc\project\pride_month\x64\release\codegen-arm64.obj
c:\users\sigma\desktop\pride_month.cc\project\pride_month\x64\release\codegen-arm.obj
c:\users\sigma\desktop\pride_month.cc\project\pride_month\x64\release\assembler.obj
c:\users\sigma\desktop\pride_month.cc\project\pride_month\x64\release\closure-bridge-template-arm.obj
c:\users\sigma\desktop\pride_month.cc\project\pride_month\x64\release\closure-bridge-arm.obj
c:\users\sigma\desktop\pride_month.cc\project\pride_month\x64\release\armassemblyclosuretrampoline.obj
c:\users\sigma\desktop\pride_month.cc\project\pride_month\x64\release\helper-arm64.obj
c:\users\sigma\desktop\pride_month.cc\project\pride_month\x64\release\closure-bridge-arm64.obj
c:\users\sigma\desktop\pride_month.cc\project\pride_month\x64\release\arm64assemblyclosuretrampoline.obj
c:\users\sigma\desktop\pride_month.cc\project\pride_month\x64\release\memoryarena.obj
c:\users\sigma\desktop\pride_month.cc\project\pride_month\x64\release\codebufferbase.obj
c:\users\sigma\desktop\pride_month.cc\project\pride_month\x64\release\code-buffer-x86.obj
c:\users\sigma\desktop\pride_month.cc\project\pride_month\x64\release\code-buffer-x64.obj
c:\users\sigma\desktop\pride_month.cc\project\pride_month\x64\release\code-buffer-arm64.obj
c:\users\sigma\desktop\pride_month.cc\project\pride_month\x64\release\code-buffer-arm.obj
c:\users\sigma\desktop\pride_month.cc\project\pride_month\x64\release\assemblycodebuilder.obj
c:\users\sigma\desktop\pride_month.cc\project\pride_month\x64\release\functioninlinereplaceexport.obj
c:\users\sigma\desktop\pride_month.cc\project\pride_month\x64\release\function-inline-replace.obj
c:\users\sigma\desktop\pride_month.cc\project\pride_month\x64\release\intercept_routing_handler.obj
c:\users\sigma\desktop\pride_month.cc\project\pride_month\x64\release\threadsupport.obj
c:\users\sigma\desktop\pride_month.cc\project\pride_month\x64\release\code-patch-tool-windows.obj
c:\users\sigma\desktop\pride_month.cc\project\pride_month\x64\release\trampoline-x86.obj
c:\users\sigma\desktop\pride_month.cc\project\pride_month\x64\release\trampoline-x64.obj
c:\users\sigma\desktop\pride_month.cc\project\pride_month\x64\release\trampoline-arm.obj
c:\users\sigma\desktop\pride_month.cc\project\pride_month\x64\release\trampoline-arm64.obj
c:\users\sigma\desktop\pride_month.cc\project\pride_month\x64\release\x86assemblyclosuretrampoline.obj
c:\users\sigma\desktop\pride_month.cc\project\pride_month\x64\release\helper-x86.obj
c:\users\sigma\desktop\pride_month.cc\project\pride_month\x64\release\closure-bridge-x86.obj
c:\users\sigma\desktop\pride_month.cc\project\pride_month\x64\release\x64assemblyclosuretrampoline.obj
c:\users\sigma\desktop\pride_month.cc\project\pride_month\x64\release\helper-x64.obj
c:\users\sigma\desktop\pride_month.cc\project\pride_month\x64\release\closure-bridge-x64.obj
c:\users\sigma\desktop\pride_month.cc\project\pride_month\x64\release\common-bridge-handler.obj
c:\users\sigma\desktop\pride_month.cc\project\pride_month\x64\release\helper-arm.obj
c:\users\sigma\desktop\pride_month.cc\project\pride_month\x64\release\runtime.obj
c:\users\sigma\desktop\pride_month.cc\project\pride_month\x64\release\imgui_widgets.obj
c:\users\sigma\desktop\pride_month.cc\project\pride_month\x64\release\imgui_tables.obj
c:\users\sigma\desktop\pride_month.cc\project\pride_month\x64\release\imgui_draw.obj
c:\users\sigma\desktop\pride_month.cc\project\pride_month\x64\release\imgui_demo.obj
c:\users\sigma\desktop\pride_month.cc\project\pride_month\x64\release\imgui.obj
c:\users\sigma\desktop\pride_month.cc\project\pride_month\x64\release\imgui_impl_win32.obj
c:\users\sigma\desktop\pride_month.cc\project\pride_month\x64\release\platform-windows.obj
c:\users\sigma\desktop\pride_month.cc\project\pride_month\x64\release\platformthread.obj
c:\users\sigma\desktop\pride_month.cc\project\pride_month\x64\release\platform-thread-windows.obj
c:\users\sigma\desktop\pride_month.cc\project\pride_month\x64\release\processruntimeutility.obj
c:\users\sigma\desktop\pride_month.cc\project\pride_month\x64\release\themes.obj
c:\users\sigma\desktop\pride_month.cc\project\pride_month\x64\release\gui_base.obj
c:\users\sigma\desktop\pride_month.cc\project\pride_month\x64\release\gui.obj
c:\users\sigma\desktop\pride_month.cc\project\pride_month\x64\release\console.obj
c:\users\sigma\desktop\pride_month.cc\project\pride_month\x64\release\il2cppobject.obj
c:\users\sigma\desktop\pride_month.cc\project\pride_month\x64\release\il2cppmethod.obj
c:\users\sigma\desktop\pride_month.cc\project\pride_month\x64\release\il2cppimage.obj
c:\users\sigma\desktop\pride_month.cc\project\pride_month\x64\release\il2cppdomain.obj
c:\users\sigma\desktop\pride_month.cc\project\pride_month\x64\release\il2cppclass.obj
c:\users\sigma\desktop\pride_month.cc\project\pride_month\x64\release\il2cppassembly.obj
c:\users\sigma\desktop\pride_month.cc\project\pride_month\x64\release\bexports.obj
c:\users\sigma\desktop\pride_month.cc\project\pride_month\x64\release\backend.obj
c:\users\sigma\desktop\pride_month.cc\project\pride_month\x64\release\memory.obj
c:\users\sigma\desktop\pride_month.cc\project\pride_month\x64\release\toggles.obj
c:\users\sigma\desktop\pride_month.cc\project\pride_month\x64\release\utils.obj
c:\users\sigma\desktop\pride_month.cc\project\pride_month\x64\release\trampoline.obj
c:\users\sigma\desktop\pride_month.cc\project\pride_month\x64\release\hook.obj
c:\users\sigma\desktop\pride_month.cc\project\pride_month\x64\release\hde64.obj
c:\users\sigma\desktop\pride_month.cc\project\pride_month\x64\release\hde32.obj
c:\users\sigma\desktop\pride_month.cc\project\pride_month\x64\release\buffer.obj
c:\users\sigma\desktop\pride_month.cc\project\pride_month\x64\release\retspoofer.obj
c:\users\sigma\desktop\pride_month.cc\project\pride_month\x64\release\minhook.res
c:\users\sigma\desktop\pride_month.cc\project\pride_month\x64\release\pride_month.ipdb
c:\users\sigma\desktop\pride_month.cc\project\pride_month\x64\release\pride_month.iobj
c:\users\sigma\desktop\pride_month.cc\project\x64\release\pride_month.pdb
c:\users\sigma\desktop\pride_month.cc\project\x64\release\pride_month.dll
c:\users\sigma\desktop\pride_month.cc\project\pride_month\x64\release\pride_month.tlog\cl.command.1.tlog
c:\users\sigma\desktop\pride_month.cc\project\pride_month\x64\release\pride_month.tlog\cl.items.tlog
c:\users\sigma\desktop\pride_month.cc\project\pride_month\x64\release\pride_month.tlog\cl.read.1.tlog
c:\users\sigma\desktop\pride_month.cc\project\pride_month\x64\release\pride_month.tlog\cl.write.1.tlog
c:\users\sigma\desktop\pride_month.cc\project\pride_month\x64\release\pride_month.tlog\link-cvtres.read.1.tlog
c:\users\sigma\desktop\pride_month.cc\project\pride_month\x64\release\pride_month.tlog\link-cvtres.write.1.tlog
c:\users\sigma\desktop\pride_month.cc\project\pride_month\x64\release\pride_month.tlog\link-rc.read.1.tlog
c:\users\sigma\desktop\pride_month.cc\project\pride_month\x64\release\pride_month.tlog\link-rc.write.1.tlog
c:\users\sigma\desktop\pride_month.cc\project\pride_month\x64\release\pride_month.tlog\link.command.1.tlog
c:\users\sigma\desktop\pride_month.cc\project\pride_month\x64\release\pride_month.tlog\link.read.1.tlog
c:\users\sigma\desktop\pride_month.cc\project\pride_month\x64\release\pride_month.tlog\link.read.17.tlog
c:\users\sigma\desktop\pride_month.cc\project\pride_month\x64\release\pride_month.tlog\link.secondary.1.tlog
c:\users\sigma\desktop\pride_month.cc\project\pride_month\x64\release\pride_month.tlog\link.write.1.tlog
c:\users\sigma\desktop\pride_month.cc\project\pride_month\x64\release\pride_month.tlog\masm.read.1u.tlog
c:\users\sigma\desktop\pride_month.cc\project\pride_month\x64\release\pride_month.tlog\masm.write.1u.tlog
c:\users\sigma\desktop\pride_month.cc\project\pride_month\x64\release\pride_month.tlog\rc.command.1.tlog
c:\users\sigma\desktop\pride_month.cc\project\pride_month\x64\release\pride_month.tlog\rc.read.1.tlog
c:\users\sigma\desktop\pride_month.cc\project\pride_month\x64\release\pride_month.tlog\rc.write.1.tlog
